<?xml version="1.0" encoding="UTF-8"?>
<testsuite name="com.afs.parkinglot.ParkingLotTest" tests="1" skipped="0" failures="0" errors="0" timestamp="2025-09-08T09:01:48" hostname="Mac" time="0.006">
  <properties/>
  <testcase name="should_return_parking_ticker_when_parkCar_given_valid_car_parkinglot_not_full()" classname="com.afs.parkinglot.ParkingLotTest" time="0.006"/>
  <system-out><![CDATA[]]></system-out>
  <system-err><![CDATA[]]></system-err>
</testsuite>
